2024-12-02 07:50:45 [main] INFO  RepositoryConfigurationDelegate - Bootstrapping Spring Data JPA repositories in DEFAULT mode.
2024-12-02 07:50:45 [main] INFO  RepositoryConfigurationDelegate - Finished Spring Data repository scanning in 32 ms. Found 1 JPA repository interfaces.
2024-12-02 07:50:45 [main] INFO  TomcatWebServer - Tomcat initialized with port(s): 8080 (http)
2024-12-02 07:50:45 [main] INFO  Http11NioProtocol - Initializing ProtocolHandler ["http-nio-8080"]
2024-12-02 07:50:45 [main] INFO  StandardService - Starting service [Tomcat]
2024-12-02 07:50:45 [main] INFO  StandardEngine - Starting Servlet engine: [Apache Tomcat/10.1.8]
2024-12-02 07:50:45 [main] INFO  [/] - Initializing Spring embedded WebApplicationContext
2024-12-02 07:50:45 [main] INFO  ServletWebServerApplicationContext - Root WebApplicationContext: initialization completed in 1052 ms
2024-12-02 07:50:45 [main] INFO  HikariDataSource - HikariPool-1 - Starting...
2024-12-02 07:50:45 [main] INFO  HikariPool - HikariPool-1 - Added connection conn0: url=jdbc:h2:mem:testdb user=SA
2024-12-02 07:50:45 [main] INFO  HikariDataSource - HikariPool-1 - Start completed.
2024-12-02 07:50:45 [main] INFO  H2ConsoleAutoConfiguration - H2 console available at '/h2-console'. Database available at 'jdbc:h2:mem:testdb'
2024-12-02 07:50:46 [main] INFO  LogHelper - HHH000204: Processing PersistenceUnitInfo [name: default]
2024-12-02 07:50:46 [main] INFO  Version - HHH000412: Hibernate ORM core version 6.2.2.Final
2024-12-02 07:50:46 [main] INFO  Environment - HHH000406: Using bytecode reflection optimizer
2024-12-02 07:50:46 [main] INFO  BytecodeProviderInitiator - HHH000021: Bytecode provider name : bytebuddy
2024-12-02 07:50:46 [main] INFO  SpringPersistenceUnitInfo - No LoadTimeWeaver setup: ignoring JPA class transformer
2024-12-02 07:50:46 [main] INFO  dialect - HHH035001: Using dialect: org.hibernate.dialect.H2Dialect, version: 2.1.214
2024-12-02 07:50:46 [main] INFO  BytecodeProviderInitiator - HHH000021: Bytecode provider name : bytebuddy
2024-12-02 07:50:46 [main] INFO  JtaPlatformInitiator - HHH000490: Using JtaPlatform implementation: [org.hibernate.engine.transaction.jta.platform.internal.NoJtaPlatform]
2024-12-02 07:50:46 [main] INFO  LocalContainerEntityManagerFactoryBean - Initialized JPA EntityManagerFactory for persistence unit 'default'
2024-12-02 07:50:47 [main] WARN  JpaBaseConfiguration$JpaWebConfiguration - spring.jpa.open-in-view is enabled by default. Therefore, database queries may be performed during view rendering. Explicitly configure spring.jpa.open-in-view to disable this warning
2024-12-02 07:50:47 [main] INFO  WelcomePageHandlerMapping - Adding welcome page: class path resource [static/index.html]
2024-12-02 07:50:47 [main] INFO  Http11NioProtocol - Starting ProtocolHandler ["http-nio-8080"]
2024-12-02 07:50:47 [main] INFO  TomcatWebServer - Tomcat started on port(s): 8080 (http) with context path ''
2024-12-02 07:50:52 [http-nio-8080-exec-1] INFO  [/] - Initializing Spring DispatcherServlet 'dispatcherServlet'
2024-12-02 07:50:52 [http-nio-8080-exec-1] INFO  DispatcherServlet - Initializing Servlet 'dispatcherServlet'
2024-12-02 07:50:52 [http-nio-8080-exec-1] INFO  DispatcherServlet - Completed initialization in 1 ms
2024-12-02 07:51:24 [SpringApplicationShutdownHook] INFO  LocalContainerEntityManagerFactoryBean - Closing JPA EntityManagerFactory for persistence unit 'default'
2024-12-02 07:51:24 [SpringApplicationShutdownHook] INFO  HikariDataSource - HikariPool-1 - Shutdown initiated...
2024-12-02 07:51:24 [SpringApplicationShutdownHook] INFO  HikariDataSource - HikariPool-1 - Shutdown completed.
2024-12-02 07:55:14 [main] INFO  RepositoryConfigurationDelegate - Bootstrapping Spring Data JPA repositories in DEFAULT mode.
2024-12-02 07:55:14 [main] INFO  RepositoryConfigurationDelegate - Finished Spring Data repository scanning in 30 ms. Found 1 JPA repository interfaces.
2024-12-02 07:55:14 [main] INFO  TomcatWebServer - Tomcat initialized with port(s): 8080 (http)
2024-12-02 07:55:14 [main] INFO  Http11NioProtocol - Initializing ProtocolHandler ["http-nio-8080"]
2024-12-02 07:55:14 [main] INFO  StandardService - Starting service [Tomcat]
2024-12-02 07:55:14 [main] INFO  StandardEngine - Starting Servlet engine: [Apache Tomcat/10.1.8]
2024-12-02 07:55:14 [main] INFO  [/] - Initializing Spring embedded WebApplicationContext
2024-12-02 07:55:14 [main] INFO  ServletWebServerApplicationContext - Root WebApplicationContext: initialization completed in 1013 ms
2024-12-02 07:55:14 [main] INFO  HikariDataSource - HikariPool-1 - Starting...
2024-12-02 07:55:15 [main] INFO  HikariPool - HikariPool-1 - Added connection conn0: url=jdbc:h2:mem:testdb user=SA
2024-12-02 07:55:15 [main] INFO  HikariDataSource - HikariPool-1 - Start completed.
2024-12-02 07:55:15 [main] INFO  H2ConsoleAutoConfiguration - H2 console available at '/h2-console'. Database available at 'jdbc:h2:mem:testdb'
2024-12-02 07:55:15 [main] INFO  LogHelper - HHH000204: Processing PersistenceUnitInfo [name: default]
2024-12-02 07:55:15 [main] INFO  Version - HHH000412: Hibernate ORM core version 6.2.2.Final
2024-12-02 07:55:15 [main] INFO  Environment - HHH000406: Using bytecode reflection optimizer
2024-12-02 07:55:15 [main] INFO  BytecodeProviderInitiator - HHH000021: Bytecode provider name : bytebuddy
2024-12-02 07:55:15 [main] INFO  SpringPersistenceUnitInfo - No LoadTimeWeaver setup: ignoring JPA class transformer
2024-12-02 07:55:15 [main] INFO  dialect - HHH035001: Using dialect: org.hibernate.dialect.H2Dialect, version: 2.1.214
2024-12-02 07:55:15 [main] INFO  BytecodeProviderInitiator - HHH000021: Bytecode provider name : bytebuddy
2024-12-02 07:55:16 [main] INFO  JtaPlatformInitiator - HHH000490: Using JtaPlatform implementation: [org.hibernate.engine.transaction.jta.platform.internal.NoJtaPlatform]
2024-12-02 07:55:16 [main] INFO  LocalContainerEntityManagerFactoryBean - Initialized JPA EntityManagerFactory for persistence unit 'default'
2024-12-02 07:55:16 [main] WARN  JpaBaseConfiguration$JpaWebConfiguration - spring.jpa.open-in-view is enabled by default. Therefore, database queries may be performed during view rendering. Explicitly configure spring.jpa.open-in-view to disable this warning
2024-12-02 07:55:16 [main] INFO  WelcomePageHandlerMapping - Adding welcome page: class path resource [static/index.html]
2024-12-02 07:55:16 [main] INFO  Http11NioProtocol - Starting ProtocolHandler ["http-nio-8080"]
2024-12-02 07:55:16 [main] INFO  TomcatWebServer - Tomcat started on port(s): 8080 (http) with context path ''
2024-12-02 07:55:27 [http-nio-8080-exec-1] INFO  [/] - Initializing Spring DispatcherServlet 'dispatcherServlet'
2024-12-02 07:55:27 [http-nio-8080-exec-1] INFO  DispatcherServlet - Initializing Servlet 'dispatcherServlet'
2024-12-02 07:55:27 [http-nio-8080-exec-1] INFO  DispatcherServlet - Completed initialization in 1 ms
2024-12-02 07:56:59 [SpringApplicationShutdownHook] INFO  Http11NioProtocol - Pausing ProtocolHandler ["http-nio-8080"]
2024-12-02 07:56:59 [SpringApplicationShutdownHook] INFO  StandardService - Stopping service [Tomcat]
2024-12-02 07:56:59 [SpringApplicationShutdownHook] INFO  LocalContainerEntityManagerFactoryBean - Closing JPA EntityManagerFactory for persistence unit 'default'
2024-12-02 07:56:59 [SpringApplicationShutdownHook] INFO  HikariDataSource - HikariPool-1 - Shutdown initiated...
2024-12-02 07:56:59 [SpringApplicationShutdownHook] INFO  HikariDataSource - HikariPool-1 - Shutdown completed.
